---------------------------------------------
  _    _   _   _____    _____   __  __    _____  
 | |  | | (_) |  __ \  |_   _| |  \/  |  / ____| 
 | |__| |  _  | |__) |   | |   | \  / | | (___   
 |  __  | | | |  ___/    | |   | |\/| |  \___ \  
 | |  | | | | | |       _| |_  | |  | |  ____) | 
 |_|  |_| |_| |_|      |_____| |_|  |_| |_____/  
   High-performance Integrated Modelling System   
 v0.2.0
---------------------------------------------
 Luke S. Smith and Qiuhua Liang
 School of Civil Engineering and Geosciences
 Newcastle University

 Contact:     luke@smith.ac
---------------------------------------------
 Started:     Wed Jun 21 14:58:13 2023
 Log file:    promaidesMultiScheme.log
 Platform:    Microsoft Windows
---------------------------------------------
[14:58:13] Log component fully loaded.
---------------------------------------------                           
[14:58:13] OPENCL PLATFORMS
[14:58:13]   1. NVIDIA CUDA
[14:58:13]      OpenCL 3.0 CUDA 12.1.68 with 1 device(s)
[14:58:13]   2. Intel(R) OpenCL HD Graphics
[14:58:13]      OpenCL 3.0  with 1 device(s)
---------------------------------------------                           
[14:58:13] Querying the suitability of a discovered device.
[14:58:13] Creating an OpenCL device context and command queue.
[14:58:13] Command queue created for device successfully.
---------------------------------------------                           
[14:58:13] #1 GRAPHICS PROCESSING UNIT
[14:58:13]   Suitability:       Available, Compiler found
[14:58:13]   Processor type:    Quadro T2000
[14:58:13]   Vendor:            NVIDIA Corporation
[14:58:13]   OpenCL driver:     531.14
[14:58:13]   Compute units:     16
[14:58:13]   Profile:           Full
[14:58:13]   Clock speed:       1785 MHz
[14:58:13]   Memory:            4095 Mb
[14:58:13]   OpenCL C:          OpenCL 3.0 CUDA
[14:58:13]   Max global size:   4294639616
[14:58:13]   Max group items:   1024
[14:58:13]   Max group:         [1024, 1024, 64]
[14:58:13]   Max constant args: 9
[14:58:13]   Max allocation:    1023MB
[14:58:13]   Max argument size: 31kB
[14:58:13]   Double precision:  Available
---------------------------------------------                           
[14:58:13] Querying the suitability of a discovered device.
[14:58:13] Creating an OpenCL device context and command queue.
[14:58:13] Command queue created for device successfully.
---------------------------------------------                           
[14:58:13] #2 GRAPHICS PROCESSING UNIT
[14:58:13]   Suitability:       Available, Compiler found
[14:58:13]   Processor type:    Intel(R) UHD Graphics 630
[14:58:13]   Vendor:            Intel(R) Corporation
[14:58:13]   OpenCL driver:     30.0.101.1122
[14:58:13]   Compute units:     24
[14:58:13]   Profile:           Full
[14:58:13]   Clock speed:       1150 MHz
[14:58:13]   Memory:            1638 Mb
[14:58:13]   OpenCL C:          OpenCL 3.0 NEO 
[14:58:13]   Max global size:   1717985280
[14:58:13]   Max group items:   256
[14:58:13]   Max group:         [256, 256, 256]
[14:58:13]   Max constant args: 8
[14:58:13]   Max allocation:    819MB
[14:58:13]   Max argument size: 2kB
[14:58:13]   Double precision:  Available
---------------------------------------------                           
[14:58:13] The OpenCL executor is now fully loaded.
[14:58:13] Selected device: #1
[14:58:13] Scheme base-class instantiated.
[14:58:13] Godunov-type scheme loaded for execution on OpenCL platform.
[14:58:13] Populated scheme with default settings.
[14:58:13] Promaides scheme loaded for execution on OpenCL platform.
[14:58:13] Releasing scheme resources held for OpenCL.
[14:58:13] Releasing Promaides scheme resources held for OpenCL.
[14:58:13] Releasing 1st-order scheme resources held for OpenCL.
[14:58:13] Compiling a new program for device #1.
[14:58:13] Program successfully compiled for device #1.
[14:58:13] Memory buffer created for 'Batch timesteps cumulative' with 8 bytes.
[14:58:13] Memory buffer created for 'Batch successful iterations' with 4 bytes.
[14:58:13] Memory buffer created for 'Batch skipped iterations' with 4 bytes.
---------------------------------------------                           
[14:58:13] REGULAR CARTESIAN GRID DOMAIN
[14:58:13]   Device number:     1
[14:58:13]   Cell count:        10000
[14:58:13]   Cell resolution:   1
[14:58:13]   Cell dimensions:   [100, 100]
---------------------------------------------                           
[14:58:13] Memory buffer created for 'Cell states' with 320000 bytes.
[14:58:13] Memory buffer created for 'Cell states (alternate)' with 320000 bytes.
[14:58:13] Memory buffer created for 'Manning coefficients' with 80000 bytes.
[14:58:13] Memory buffer created for 'Boundary Values' with 80000 bytes.
[14:58:13] Memory buffer created for 'Bed elevations' with 80000 bytes.
[14:58:13] Memory buffer created for 'Timestep' with 8 bytes.
[14:58:13] Memory buffer created for 'Time' with 8 bytes.
[14:58:13] Memory buffer created for 'Time (hydrological)' with 8 bytes.
[14:58:13] Memory buffer created for 'Target time (sync)' with 8 bytes.
[14:58:13] Memory buffer created for 'Timestep reduction scratch' with 4096 bytes.
[14:58:13] Kernel 'tst_Advance_Normal' prepared for device #1.
[14:58:13] Kernel 'tst_Advance_Normal' is defined:
[14:58:13]   Private memory:   0 bytes
[14:58:13]   Local memory:     1 bytes
[14:58:13]   Arguments:        10
[14:58:13]   Work-group size:  [ 1,1,1 ]
[14:58:13] Kernel 'tst_ResetCounters' prepared for device #1.
[14:58:13] Kernel 'tst_ResetCounters' is defined:
[14:58:13]   Private memory:   0 bytes
[14:58:13]   Local memory:     1 bytes
[14:58:13]   Arguments:        3
[14:58:13]   Work-group size:  [ 1,1,1 ]
[14:58:13] Kernel 'tst_Reduce' prepared for device #1.
[14:58:13] Kernel 'tst_Reduce' is defined:
[14:58:13]   Private memory:   0 bytes
[14:58:13]   Local memory:     4104 bytes
[14:58:13]   Arguments:        3
[14:58:13]   Work-group size:  [ 512,1,1 ]
[14:58:13] Kernel 'tst_UpdateTimestep' prepared for device #1.
[14:58:13] Kernel 'tst_UpdateTimestep' is defined:
[14:58:13]   Private memory:   0 bytes
[14:58:13]   Local memory:     1 bytes
[14:58:13]   Arguments:        5
[14:58:13]   Work-group size:  [ 1,1,1 ]
[14:58:13] Global work size for 'tst_Advance_Normal' set to [1,1,1].
[14:58:13] Global work size for 'tst_UpdateTimestep' set to [1,1,1].
[14:58:13] Global work size for 'tst_ResetCounters' set to [1,1,1].
[14:58:13] Global work size for 'tst_Reduce' set to [512,1,1].
[14:58:13] Assigning arguments for 'tst_Advance_Normal':
[14:58:13]  1. Time
[14:58:13]  2. Timestep
[14:58:13]  3. Time (hydrological)
[14:58:13]  4. Timestep reduction scratch
[14:58:13]  5. Cell states
[14:58:13]  6. Bed elevations
[14:58:13]  7. Target time (sync)
[14:58:13]  8. Batch timesteps cumulative
[14:58:13]  9. Batch successful iterations
[14:58:13]  10. Batch skipped iterations
[14:58:13] Assigning arguments for 'tst_ResetCounters':
[14:58:13]  1. Batch timesteps cumulative
[14:58:13]  2. Batch successful iterations
[14:58:13]  3. Batch skipped iterations
[14:58:13] Assigning arguments for 'tst_Reduce':
[14:58:13]  1. Cell states
[14:58:13]  2. Bed elevations
[14:58:13]  3. Timestep reduction scratch
[14:58:13] Assigning arguments for 'tst_UpdateTimestep':
[14:58:13]  1. Time
[14:58:13]  2. Timestep
[14:58:13]  3. Timestep reduction scratch
[14:58:13]  4. Target time (sync)
[14:58:13]  5. Batch timesteps cumulative
[14:58:13] Kernel 'bdy_Promaides' prepared for device #1.
[14:58:13] Kernel 'bdy_Promaides' is defined:
[14:58:13]   Private memory:   0 bytes
[14:58:13]   Local memory:     1 bytes
[14:58:13]   Arguments:        4
[14:58:13]   Work-group size:  [ 0,0,0 ]
[14:58:13] Work-group size for 'bdy_Promaides' set to [8,8,1].
[14:58:13] Global work size for 'bdy_Promaides' set to [104,104,1].
[14:58:13] Assigning arguments for 'bdy_Promaides':
[14:58:13]  1. Boundary Values
[14:58:13]  2. Time (hydrological)
[14:58:13]  3. Cell states
[14:58:13]  4. Bed elevations
[14:58:13] Kernel 'per_Friction' prepared for device #1.
[14:58:13] Kernel 'per_Friction' is defined:
[14:58:13]   Private memory:   0 bytes
[14:58:13]   Local memory:     1 bytes
[14:58:13]   Arguments:        5
[14:58:13]   Work-group size:  [ 8,8,1 ]
[14:58:13] Global work size for 'per_Friction' set to [104,104,1].
[14:58:13] Assigning arguments for 'per_Friction':
[14:58:13]  1. Timestep
[14:58:13]  2. Cell states
[14:58:13]  3. Bed elevations
[14:58:13]  4. Manning coefficients
[14:58:13]  5. Time
[14:58:13] Kernel 'pro_cacheDisabled' prepared for device #1.
[14:58:13] Kernel 'pro_cacheDisabled' is defined:
[14:58:13]   Private memory:   112 bytes
[14:58:13]   Local memory:     1 bytes
[14:58:13]   Arguments:        5
[14:58:13]   Work-group size:  [ 8,8,1 ]
[14:58:13] Global work size for 'pro_cacheDisabled' set to [104,104,1].
[14:58:13] Assigning arguments for 'pro_cacheDisabled':
[14:58:13]  1. Timestep
[14:58:13]  2. Bed elevations
[14:58:13]  3. Cell states
[14:58:13]  4. Cell states (alternate)
[14:58:13]  5. Manning coefficients
---------------------------------------------                           
[14:58:13] ProMaIDes SCHEME
[14:58:13]   Timestep mode:      Dynamic
[14:58:13]   Courant number:     0.5
[14:58:13]   Initial timestep:   0.01000s
[14:58:13]   Data reduction:     200 divisions
[14:58:13]   Configuration:      Disabled
[14:58:13]   Friction effects:   Disabled
[14:58:13]   Kernel queue mode:  Automatic
[14:58:13]   Initial queue:      1 iteration(s)
[14:58:13]   Debug output:       Disabled
---------------------------------------------                           
[14:58:13] Verifying the required data before model run...
[14:58:13] Verification is complete.
---------------------------------------------                           
[14:58:13] Starting a new simulation...
[14:58:13] Initial domain volume: 0m3
[14:58:13] Copying domain data to device...
[14:58:13] Domain #1 is not constrained by overlapping.
---------------------------------------------                           
[14:58:13] SIMULATION CONFIGURATION
[14:58:13]   Name:               Name
[14:58:13]   Simulation length:  01:00:00
[14:58:13]   Output frequency:   01:00:00
[14:58:13]   Floating-point:     Double-precision
---------------------------------------------                           
[14:58:13] Collecting time and performance data...
---------------------------------------------                           
                                                                  
 SIMULATION PROGRESS                                              
                                                                  
 Simulation time:  0.00000s       Lowest timestep:        0.00000s
 Cells calculated: 0                         Rate:             0/s
 Processing time:  0.00001s        Est. remaining:  365 d 00:00:00
 Batch size:       1                                                
                                                                  
 [>                                                      ]    0.0%
                                                                  
             +----------+----------------+------------+----------+
             |  Device  |  Avg.timestep  | Iterations | Bypassed |
+------------+----------+----------------+------------+----------|
| Domain #1  |    GPU 1 |       0.00000s |          0 |        0 |
+------------+----------+----------------+------------+----------+
---------------------------------------------                           
---------------------------------------------                           
                                                                  
 SIMULATION PROGRESS                                              
                                                                  
 Simulation time:  00:00:08.1149  Lowest timestep:        0.01639s
 Cells calculated: 8900000                   Rate:      10470509/s
 Processing time:  0.85001s        Est. remaining:   00:06:16.2368
 Batch size:       528                                              
                                                                  
 [>                                                      ]    0.2%
                                                                  
             +----